La génération a démarré 16/11/2015 21:04:37.
     1>Projet "\\Mac\Home\Documents\Visual Studio 2010\Projects\IRF\IRF\IRF.vcxproj" sur le nœud 2 (build cible(s)).
     1>InitializeBuildStatus:
         Mise à jour de l'horodatage "Debug\IRF.unsuccessfulbuild".
       ClCompile:
         C:\Program Files (x86)\Microsoft Visual Studio 10.0\VC\bin\CL.exe /c /ZI /nologo /W3 /WX- /Od /Oy- /D WIN32 /D _DEBUG /D _CONSOLE /D _UNICODE /D UNICODE /Gm /EHsc /RTC1 /MDd /GS /fp:precise /Zc:wchar_t /Zc:forScope /Fo"Debug\\" /Fd"Debug\vc100.pdb" /Gd /TP /analyze- /errorReport:prompt "Z:\Volumes\HDD\Projets\IRF\test - copie\test\main.cpp"
         main.cpp
       ManifestResourceCompile:
         Toutes les sorties sont à jour.
       Link:
         C:\Program Files (x86)\Microsoft Visual Studio 10.0\VC\bin\link.exe /ERRORREPORT:PROMPT /OUT:"\\Mac\Home\Documents\Visual Studio 2010\Projects\IRF\Debug\IRF.exe" /INCREMENTAL /NOLOGO opencv_calib3d2410d.lib opencv_contrib2410d.lib opencv_core2410d.lib opencv_features2d2410d.lib opencv_flann2410d.lib opencv_gpu2410d.lib opencv_highgui2410d.lib opencv_imgproc2410d.lib opencv_legacy2410d.lib opencv_ml2410d.lib opencv_nonfree2410d.lib opencv_objdetect2410d.lib opencv_photo2410d.lib opencv_stitching2410d.lib opencv_ts2410d.lib opencv_video2410d.lib opencv_videostab2410d.lib kernel32.lib user32.lib gdi32.lib winspool.lib comdlg32.lib advapi32.lib shell32.lib ole32.lib oleaut32.lib uuid.lib odbc32.lib odbccp32.lib /MANIFEST /ManifestFile:"Debug\IRF.exe.intermediate.manifest" /MANIFESTUAC:"level='asInvoker' uiAccess='false'" /DEBUG /PDB:"\\Mac\Home\Documents\Visual Studio 2010\Projects\IRF\Debug\IRF.pdb" /SUBSYSTEM:CONSOLE /TLBID:1 /DYNAMICBASE /NXCOMPAT /IMPLIB:"\\Mac\Home\Documents\Visual Studio 2010\Projects\IRF\Debug\IRF.lib" /MACHINE:X86 Debug\IRF.exe.embed.manifest.res
         Debug\extract.obj
         Debug\fileManager.obj
         Debug\main.obj
         Debug\recognize.obj
       Manifest:
         C:\Program Files (x86)\Microsoft SDKs\Windows\v7.0A\bin\mt.exe /nologo /verbose /out:"Debug\IRF.exe.embed.manifest" /manifest Debug\IRF.exe.intermediate.manifest
         Toutes les sorties sont à jour.
       LinkEmbedManifest:
         Toutes les sorties sont à jour.
         IRF.vcxproj -> \\Mac\Home\Documents\Visual Studio 2010\Projects\IRF\Debug\IRF.exe
       FinalizeBuildStatus:
         Suppression du fichier "Debug\IRF.unsuccessfulbuild".
         Mise à jour de l'horodatage "Debug\IRF.lastbuildstate".
     1>Génération du projet "\\Mac\Home\Documents\Visual Studio 2010\Projects\IRF\IRF\IRF.vcxproj" terminée (build cible(s)).

La génération a réussi.

Temps écoulé 00:00:02.79
